    microcode_ctl: configuration "intel-06-5e-03" is ignored
    microcode_ctl: final fw_dir: "/lib/firmware/updates /lib/firmware"
*** Including module: shutdown ***
*** Including modules done ***
*** Installing kernel module dependencies and firmware ***
*** Installing kernel module dependencies and firmware done ***
*** Resolving executable dependencies ***
*** Resolving executable dependencies done***
*** Hardlinking files ***
*** Hardlinking files done ***
*** Stripping files ***
*** Stripping files done ***
*** Generating early-microcode cpio image contents ***
*** Constructing AuthenticAMD.bin ****
*** Store current command line parameters ***
*** Creating image file ***
*** Creating microcode section ***
*** Created microcode section ***
*** Creating image file done ***
*** Creating initramfs image file '/boot/initramfs-3.10.0-1160.el7.x86_64.img' done ***
[root@localhost ~]# reboot
Connection to 172.26.192.150 closed by remote host.
Connection to 172.26.192.150 closed.

locprof@FX6300 MINGW64 ~
$ ssh root@172.26.192.150
root@172.26.192.150's password:
Last login: Sun May 30 17:10:33 2021 from fx6300.mshome.net
[root@localhost ~]# vgs
  VG  #PV #LV #SN Attr   VSize   VFree
  srg   1   3   0 wz--n- 125.80g 4.00m
[root@localhost ~]# clear
[root@localhost ~]# mkdir /usr/lib/dracut/modules.d/01test
[root@localhost ~]# nano /usr/lib/dracut/modules.d/01test/test.sh
[root@localhost ~]# nano /usr/lib/dracut/modules.d/01test/module-setup.sh
[root@localhost ~]# mkinitrd -f -v /boot/initramfs-$(uname -r).img $(uname -r)
Executing: /usr/sbin/dracut -f -v /boot/initramfs-3.10.0-1160.el7.x86_64.img 3.10.0-1160.el7.x86_64
dracut module 'modsign' will not be installed, because command 'keyctl' could not be found!
dracut module 'busybox' will not be installed, because command 'busybox' could not be found!
dracut module 'crypt' will not be installed, because command 'cryptsetup' could not be found!
dracut module 'dmraid' will not be installed, because command 'dmraid' could not be found!
dracut module 'dmsquash-live-ntfs' will not be installed, because command 'ntfs-3g' could not be found!
dracut module 'mdraid' will not be installed, because command 'mdadm' could not be found!
dracut module 'multipath' will not be installed, because command 'multipath' could not be found!
dracut module 'cifs' will not be installed, because command 'mount.cifs' could not be found!
dracut module 'iscsi' will not be installed, because command 'iscsistart' could not be found!
dracut module 'iscsi' will not be installed, because command 'iscsi-iname' could not be found!
95nfs: Could not find any command of 'rpcbind portmap'!
dracut module 'modsign' will not be installed, because command 'keyctl' could not be found!
dracut module 'busybox' will not be installed, because command 'busybox' could not be found!
dracut module 'crypt' will not be installed, because command 'cryptsetup' could not be found!
dracut module 'dmraid' will not be installed, because command 'dmraid' could not be found!
dracut module 'dmsquash-live-ntfs' will not be installed, because command 'ntfs-3g' could not be found!
dracut module 'mdraid' will not be installed, because command 'mdadm' could not be found!
dracut module 'multipath' will not be installed, because command 'multipath' could not be found!
dracut module 'cifs' will not be installed, because command 'mount.cifs' could not be found!
dracut module 'iscsi' will not be installed, because command 'iscsistart' could not be found!
dracut module 'iscsi' will not be installed, because command 'iscsi-iname' could not be found!
95nfs: Could not find any command of 'rpcbind portmap'!
*** Including module: bash ***
*** Including module: test ***
*** Including module: nss-softokn ***
*** Including module: i18n ***
*** Including module: network ***
*** Including module: ifcfg ***
*** Including module: drm ***
*** Including module: plymouth ***
*** Including module: dm ***
Skipping udev rule: 64-device-mapper.rules
Skipping udev rule: 60-persistent-storage-dm.rules
Skipping udev rule: 55-dm.rules
*** Including module: kernel-modules ***
*** Including module: lvm ***
Skipping udev rule: 64-device-mapper.rules
Skipping udev rule: 56-lvm.rules
Skipping udev rule: 60-persistent-storage-lvm.rules
*** Including module: resume ***
*** Including module: rootfs-block ***
*** Including module: terminfo ***
*** Including module: udev-rules ***
Skipping udev rule: 40-redhat-cpu-hotplug.rules
Skipping udev rule: 91-permissions.rules
*** Including module: biosdevname ***
*** Including module: systemd ***
*** Including module: usrmount ***
*** Including module: base ***
*** Including module: fs-lib ***
*** Including module: microcode_ctl-fw_dir_override ***
  microcode_ctl module: mangling fw_dir
    microcode_ctl: reset fw_dir to "/lib/firmware/updates /lib/firmware"
    microcode_ctl: processing data directory  "/usr/share/microcode_ctl/ucode_with_caveats/intel"...
intel: model '', path ' intel-ucode/*', kvers ''
intel: blacklist ''
No matching microcode files in ' intel-ucode/*' for CPU model 'AuthenticAMD 15-02-00', skipping
    microcode_ctl: configuration "intel" is ignored
    microcode_ctl: processing data directory  "/usr/share/microcode_ctl/ucode_with_caveats/intel-06-2d-07"...
intel-06-2d-07: model 'GenuineIntel 06-2d-07', path ' intel-ucode/06-2d-07', kvers ''
intel-06-2d-07: blacklist ''
Current CPU model 'AuthenticAMD 15-02-00' doesn't match configuration CPU model 'GenuineIntel 06-2d-07', skipping
    microcode_ctl: configuration "intel-06-2d-07" is ignored
    microcode_ctl: processing data directory  "/usr/share/microcode_ctl/ucode_with_caveats/intel-06-4e-03"...
intel-06-4e-03: model 'GenuineIntel 06-4e-03', path ' intel-ucode/06-4e-03', kvers ''
intel-06-4e-03: blacklist ''
Current CPU model 'AuthenticAMD 15-02-00' doesn't match configuration CPU model 'GenuineIntel 06-4e-03', skipping
    microcode_ctl: configuration "intel-06-4e-03" is ignored
    microcode_ctl: processing data directory  "/usr/share/microcode_ctl/ucode_with_caveats/intel-06-4f-01"...
intel-06-4f-01: model 'GenuineIntel 06-4f-01', path ' intel-ucode/06-4f-01', kvers ' 4.17.0 3.10.0-894 3.10.0-862.6.1 3.10.0-693.35.1 3.10.0-514.52.1 3.10.0-327.70.1 2.6.32-754.1.1 2.6.32-573.58.1 2.6.32-504.71.1 2.6.32-431.90.1 2.6.32-358.90.1'
intel-06-4f-01: blacklist ''
Current CPU model 'AuthenticAMD 15-02-00' doesn't match configuration CPU model 'GenuineIntel 06-4f-01', skipping
    microcode_ctl: configuration "intel-06-4f-01" is ignored
    microcode_ctl: processing data directory  "/usr/share/microcode_ctl/ucode_with_caveats/intel-06-55-04"...
intel-06-55-04: model 'GenuineIntel 06-55-04', path ' intel-ucode/06-55-04', kvers ''
intel-06-55-04: blacklist ''
Current CPU model 'AuthenticAMD 15-02-00' doesn't match configuration CPU model 'GenuineIntel 06-55-04', skipping
    microcode_ctl: configuration "intel-06-55-04" is ignored
    microcode_ctl: processing data directory  "/usr/share/microcode_ctl/ucode_with_caveats/intel-06-5e-03"...
intel-06-5e-03: model 'GenuineIntel 06-5e-03', path ' intel-ucode/06-5e-03', kvers ''
intel-06-5e-03: blacklist ''
Current CPU model 'AuthenticAMD 15-02-00' doesn't match configuration CPU model 'GenuineIntel 06-5e-03', skipping
    microcode_ctl: configuration "intel-06-5e-03" is ignored
    microcode_ctl: final fw_dir: "/lib/firmware/updates /lib/firmware"
*** Including module: shutdown ***
*** Including modules done ***
*** Installing kernel module dependencies and firmware ***
*** Installing kernel module dependencies and firmware done ***
*** Resolving executable dependencies ***
*** Resolving executable dependencies done***
*** Hardlinking files ***
*** Hardlinking files done ***
*** Stripping files ***
*** Stripping files done ***
*** Generating early-microcode cpio image contents ***
*** Constructing AuthenticAMD.bin ****
*** Store current command line parameters ***
*** Creating image file ***
*** Creating microcode section ***
*** Created microcode section ***
*** Creating image file done ***
*** Creating initramfs image file '/boot/initramfs-3.10.0-1160.el7.x86_64.img' done ***
[root@localhost ~]# dracut -f -v
Executing: /usr/sbin/dracut -f -v
dracut module 'modsign' will not be installed, because command 'keyctl' could not be found!
dracut module 'busybox' will not be installed, because command 'busybox' could not be found!
dracut module 'crypt' will not be installed, because command 'cryptsetup' could not be found!
dracut module 'dmraid' will not be installed, because command 'dmraid' could not be found!
dracut module 'dmsquash-live-ntfs' will not be installed, because command 'ntfs-3g' could not be found!
dracut module 'mdraid' will not be installed, because command 'mdadm' could not be found!
dracut module 'multipath' will not be installed, because command 'multipath' could not be found!
dracut module 'cifs' will not be installed, because command 'mount.cifs' could not be found!
dracut module 'iscsi' will not be installed, because command 'iscsistart' could not be found!
dracut module 'iscsi' will not be installed, because command 'iscsi-iname' could not be found!
95nfs: Could not find any command of 'rpcbind portmap'!
dracut module 'modsign' will not be installed, because command 'keyctl' could not be found!
dracut module 'busybox' will not be installed, because command 'busybox' could not be found!
dracut module 'crypt' will not be installed, because command 'cryptsetup' could not be found!
dracut module 'dmraid' will not be installed, because command 'dmraid' could not be found!
dracut module 'dmsquash-live-ntfs' will not be installed, because command 'ntfs-3g' could not be found!
dracut module 'mdraid' will not be installed, because command 'mdadm' could not be found!
dracut module 'multipath' will not be installed, because command 'multipath' could not be found!
dracut module 'cifs' will not be installed, because command 'mount.cifs' could not be found!
dracut module 'iscsi' will not be installed, because command 'iscsistart' could not be found!
dracut module 'iscsi' will not be installed, because command 'iscsi-iname' could not be found!
95nfs: Could not find any command of 'rpcbind portmap'!
*** Including module: bash ***
*** Including module: test ***
*** Including module: nss-softokn ***
*** Including module: i18n ***
*** Including module: network ***
*** Including module: ifcfg ***
*** Including module: drm ***
*** Including module: plymouth ***
*** Including module: dm ***
Skipping udev rule: 64-device-mapper.rules
Skipping udev rule: 60-persistent-storage-dm.rules
Skipping udev rule: 55-dm.rules
*** Including module: kernel-modules ***
*** Including module: lvm ***
Skipping udev rule: 64-device-mapper.rules
Skipping udev rule: 56-lvm.rules
Skipping udev rule: 60-persistent-storage-lvm.rules
*** Including module: resume ***
*** Including module: rootfs-block ***
*** Including module: terminfo ***
*** Including module: udev-rules ***
Skipping udev rule: 40-redhat-cpu-hotplug.rules
Skipping udev rule: 91-permissions.rules
*** Including module: biosdevname ***
*** Including module: systemd ***
*** Including module: usrmount ***
*** Including module: base ***
*** Including module: fs-lib ***
*** Including module: microcode_ctl-fw_dir_override ***
  microcode_ctl module: mangling fw_dir
    microcode_ctl: reset fw_dir to "/lib/firmware/updates /lib/firmware"
    microcode_ctl: processing data directory  "/usr/share/microcode_ctl/ucode_with_caveats/intel"...
intel: model '', path ' intel-ucode/*', kvers ''
intel: blacklist ''
No matching microcode files in ' intel-ucode/*' for CPU model 'AuthenticAMD 15-02-00', skipping
    microcode_ctl: configuration "intel" is ignored
    microcode_ctl: processing data directory  "/usr/share/microcode_ctl/ucode_with_caveats/intel-06-2d-07"...
intel-06-2d-07: model 'GenuineIntel 06-2d-07', path ' intel-ucode/06-2d-07', kvers ''
intel-06-2d-07: blacklist ''
Current CPU model 'AuthenticAMD 15-02-00' doesn't match configuration CPU model 'GenuineIntel 06-2d-07', skipping
    microcode_ctl: configuration "intel-06-2d-07" is ignored
    microcode_ctl: processing data directory  "/usr/share/microcode_ctl/ucode_with_caveats/intel-06-4e-03"...
intel-06-4e-03: model 'GenuineIntel 06-4e-03', path ' intel-ucode/06-4e-03', kvers ''
intel-06-4e-03: blacklist ''
Current CPU model 'AuthenticAMD 15-02-00' doesn't match configuration CPU model 'GenuineIntel 06-4e-03', skipping
    microcode_ctl: configuration "intel-06-4e-03" is ignored
    microcode_ctl: processing data directory  "/usr/share/microcode_ctl/ucode_with_caveats/intel-06-4f-01"...
intel-06-4f-01: model 'GenuineIntel 06-4f-01', path ' intel-ucode/06-4f-01', kvers ' 4.17.0 3.10.0-894 3.10.0-862.6.1 3.10.0-693.35.1 3.10.0-514.52.1 3.10.0-327.70.1 2.6.32-754.1.1 2.6.32-573.58.1 2.6.32-504.71.1 2.6.32-431.90.1 2.6.32-358.90.1'
intel-06-4f-01: blacklist ''
Current CPU model 'AuthenticAMD 15-02-00' doesn't match configuration CPU model 'GenuineIntel 06-4f-01', skipping
    microcode_ctl: configuration "intel-06-4f-01" is ignored
    microcode_ctl: processing data directory  "/usr/share/microcode_ctl/ucode_with_caveats/intel-06-55-04"...
intel-06-55-04: model 'GenuineIntel 06-55-04', path ' intel-ucode/06-55-04', kvers ''
intel-06-55-04: blacklist ''
Current CPU model 'AuthenticAMD 15-02-00' doesn't match configuration CPU model 'GenuineIntel 06-55-04', skipping
    microcode_ctl: configuration "intel-06-55-04" is ignored
    microcode_ctl: processing data directory  "/usr/share/microcode_ctl/ucode_with_caveats/intel-06-5e-03"...
intel-06-5e-03: model 'GenuineIntel 06-5e-03', path ' intel-ucode/06-5e-03', kvers ''
intel-06-5e-03: blacklist ''
Current CPU model 'AuthenticAMD 15-02-00' doesn't match configuration CPU model 'GenuineIntel 06-5e-03', skipping
    microcode_ctl: configuration "intel-06-5e-03" is ignored
    microcode_ctl: final fw_dir: "/lib/firmware/updates /lib/firmware"
*** Including module: shutdown ***
*** Including modules done ***
*** Installing kernel module dependencies and firmware ***
*** Installing kernel module dependencies and firmware done ***
*** Resolving executable dependencies ***
*** Resolving executable dependencies done***
*** Hardlinking files ***
*** Hardlinking files done ***
*** Stripping files ***
*** Stripping files done ***
*** Generating early-microcode cpio image contents ***
*** Constructing AuthenticAMD.bin ****
*** Store current command line parameters ***
*** Creating image file ***
*** Creating microcode section ***
*** Created microcode section ***
*** Creating image file done ***
*** Creating initramfs image file '/boot/initramfs-3.10.0-1160.el7.x86_64.img' done ***
[root@localhost ~]#  lsinitrd -m /boot/initramfs-$(uname -r).img | grep test
test
[root@localhost ~]# test
[root@localhost ~]#
